0 info it worked if it ends with ok
1 verbose cli [ 'node', '/usr/local/bin/npm', 'link' ]
2 info using npm@2.13.0
3 info using node@v0.12.0
4 verbose linkPkg /Users/sm/workspace/konga-ui
5 silly gentlyRm /usr/local/lib/node_modules/ui.konga is being purged
6 verbose gentlyRm don't care about contents; nuking /usr/local/lib/node_modules/ui.konga
7 verbose stack Error: EACCES, symlink '/Users/sm/workspace/konga-ui'
7 verbose stack     at Error (native)
8 verbose cwd /Users/sm/workspace/konga-ui/app/views
9 error Darwin 14.1.0
10 error argv "node" "/usr/local/bin/npm" "link"
11 error node v0.12.0
12 error npm  v2.13.0
13 error path /Users/sm/workspace/konga-ui
14 error code EACCES
15 error errno -13
16 error Error: EACCES, symlink '/Users/sm/workspace/konga-ui'
16 error     at Error (native)
16 error  { [Error: EACCES, symlink '/Users/sm/workspace/konga-ui']
16 error   errno: -13,
16 error   code: 'EACCES',
16 error   path: '/Users/sm/workspace/konga-ui' }
17 error Please try running this command again as root/Administrator.
18 verbose exit [ -13, true ]
